<?xml version="1.0" encoding="UTF-8"?>
<!-- Generated by org.testng.reporters.JUnitReportReporter -->
<testsuite skipped="0" hostname="L5152N13" name="RequestAssuredClass.getResponseTime" tests="1" failures="0" timestamp="2022-08-22T20:35:06 IST" time="9.663" errors="0">
  <testcase name="getTime" time="9.663" classname="RequestAssuredClass.getResponseTime"/>
  <system-out/>
</testsuite> <!-- RequestAssuredClass.getResponseTime -->
