<?xml version="1.0" encoding="UTF-8"?>
<!-- Generated by org.testng.reporters.JUnitReportReporter -->
<testsuite skipped="0" hostname="L5152N13" name="RequestAssuredClass.WriteResponse" tests="1" failures="0" timestamp="2022-08-22T18:17:57 IST" time="2.712" errors="0">
  <testcase name="getAuth" time="2.712" classname="RequestAssuredClass.WriteResponse"/>
  <system-out/>
</testsuite> <!-- RequestAssuredClass.WriteResponse -->
