<?xml version="1.0" encoding="UTF-8"?>
<!-- Generated by org.testng.reporters.JUnitReportReporter -->
<testsuite skipped="0" hostname="L5152N13" name="POJOClass.CreateEmployeeObject" tests="1" failures="0" timestamp="2022-08-23T15:20:06 IST" time="0.215" errors="0">
  <testcase name="createEmployeeObjectFromPOJO" time="0.215" classname="POJOClass.CreateEmployeeObject"/>
  <system-out/>
</testsuite> <!-- POJOClass.CreateEmployeeObject -->
