<?xml version="1.0" encoding="UTF-8"?>
<!-- Generated by org.testng.reporters.JUnitReportReporter -->
<testsuite skipped="0" hostname="L5152N13" name="RequestAssuredClass.ReadPatloadRequest" tests="1" failures="0" timestamp="2022-08-22T19:31:47 IST" time="2.644" errors="0">
  <testcase name="payLoad" time="2.644" classname="RequestAssuredClass.ReadPatloadRequest"/>
  <system-out/>
</testsuite> <!-- RequestAssuredClass.ReadPatloadRequest -->
