<?xml version="1.0" encoding="UTF-8"?>
<!-- Generated by org.testng.reporters.JUnitReportReporter -->
<testsuite skipped="0" hostname="L5152N13" name="RestAssuredClass.getResponseTime" tests="1" failures="0" timestamp="2022-09-10T16:03:31 IST" time="4.579" errors="0">
  <testcase name="getTime" time="4.579" classname="RestAssuredClass.getResponseTime"/>
  <system-out/>
</testsuite> <!-- RestAssuredClass.getResponseTime -->
