<?xml version="1.0" encoding="UTF-8"?>
<!-- Generated by org.testng.reporters.JUnitReportReporter -->
<testsuite skipped="0" hostname="L5152N13" name="POJOClass.readJsonValue" tests="1" failures="0" timestamp="2022-08-23T17:50:50 IST" time="0.185" errors="0">
  <testcase name="readjsonValues" time="0.185" classname="POJOClass.readJsonValue"/>
  <system-out/>
</testsuite> <!-- POJOClass.readJsonValue -->
