<?xml version="1.0" encoding="UTF-8"?>
<!-- Generated by org.testng.reporters.JUnitReportReporter -->
<testsuite skipped="0" hostname="L5152N13" name="RequestAssuredClass.RequestSpecbuilder" tests="1" failures="0" timestamp="2022-08-22T19:18:19 IST" time="5.409" errors="0">
  <testcase name="RequestspecBuilders" time="5.409" classname="RequestAssuredClass.RequestSpecbuilder"/>
  <system-out/>
</testsuite> <!-- RequestAssuredClass.RequestSpecbuilder -->
