<?xml version="1.0" encoding="UTF-8"?>
<!-- Generated by org.testng.reporters.JUnitReportReporter -->
<testsuite skipped="0" hostname="L5152N13" name="NestedPojoClass.CreatedNestFromPojo" tests="1" failures="0" timestamp="2022-08-23T17:27:06 IST" time="0.196" errors="0">
  <testcase name="cerateNestedJson" time="0.196" classname="NestedPojoClass.CreatedNestFromPojo"/>
  <system-out/>
</testsuite> <!-- NestedPojoClass.CreatedNestFromPojo -->
