<?xml version="1.0" encoding="UTF-8"?>
<!-- Generated by org.testng.reporters.JUnitReportReporter -->
<testsuite skipped="0" hostname="L5152N13" name="AnnotationsJackson.JsonIncludeAnnotation" tests="1" failures="0" timestamp="2022-08-23T18:01:49 IST" time="0.186" errors="0">
  <testcase name="avoidDeafultvalues" time="0.186" classname="AnnotationsJackson.JsonIncludeAnnotation"/>
  <system-out/>
</testsuite> <!-- AnnotationsJackson.JsonIncludeAnnotation -->
